<?xml version="1.0" encoding="UTF-8"?>
<!-- Generated by org.testng.reporters.JUnitXMLReporter -->
<testsuite ignored="0" hostname="ASUS" failures="0" tests="3" name="Default test" time="0.069" errors="0" timestamp="2026-04-06T15:05:55 IST">
  <testcase classname="com.test.Week2TestNG.DataProviderDemo" name="loginTest" time="0.011"/>
  <testcase classname="com.test.Week2TestNG.DataProviderDemo" name="loginTest" time="0.002"/>
  <testcase classname="com.test.Week2TestNG.DataProviderDemo" name="loginTest" time="0.004"/>
</testsuite> <!-- Default test -->
