<?xml version="1.0" encoding="UTF-8"?>
<!-- Generated by org.testng.reporters.JUnitXMLReporter -->
<testsuite ignored="3" hostname="ASUS" failures="0" tests="2" name="SmokeTests" time="0.056" errors="0" timestamp="2026-04-06T14:47:51 IST">
  <testcase classname="com.test.Week2TestNG.GroupsDemo" name="loginTest" time="0.01"/>
  <testcase classname="com.test.Week2TestNG.GroupsDemo" name="logoutTest" time="0.003"/>
  <testcase classname="com.test.Week2TestNG.FirstTest" name="test1" time="0.0">
    <ignored/>
  </testcase> <!-- test1 -->
  <testcase classname="com.test.Week2TestNG.FirstTest" name="test2" time="0.0">
    <ignored/>
  </testcase> <!-- test2 -->
  <testcase classname="com.test.Week2TestNG.GroupsDemo" name="paymentTest" time="0.0">
    <ignored/>
  </testcase> <!-- paymentTest -->
</testsuite> <!-- SmokeTests -->
