<?xml version="1.0" encoding="UTF-8"?>
<testng-results ignored="0" total="2" passed="2" failed="0" skipped="0">
  <reporter-output>
  </reporter-output>
  <suite started-at="2026-04-06T14:17:09 IST" name="Suite" finished-at="2026-04-06T14:17:09 IST" duration-ms="71">
    <groups>
    </groups>
    <test started-at="2026-04-06T14:17:09 IST" name="TestCases" finished-at="2026-04-06T14:17:09 IST" duration-ms="71">
      <class name="com.test.Week2TestNG.FirstTest">
        <test-method is-config="true" signature="beforeClass()[pri:0, instance:com.test.Week2TestNG.FirstTest@16d04d3d]" started-at="2026-04-06T14:17:09 IST" name="beforeClass" finished-at="2026-04-06T14:17:09 IST" duration-ms="11" status="PASS">
          <reporter-output>
          </reporter-output>
        </test-method> <!-- beforeClass -->
        <test-method is-config="true" signature="beforeMethod()[pri:0, instance:com.test.Week2TestNG.FirstTest@16d04d3d]" started-at="2026-04-06T14:17:09 IST" name="beforeMethod" finished-at="2026-04-06T14:17:09 IST" duration-ms="1" status="PASS">
          <reporter-output>
          </reporter-output>
        </test-method> <!-- beforeMethod -->
        <test-method signature="test1()[pri:0, instance:com.test.Week2TestNG.FirstTest@16d04d3d]" started-at="2026-04-06T14:17:09 IST" name="test1" finished-at="2026-04-06T14:17:09 IST" duration-ms="9" status="PASS">
          <reporter-output>
          </reporter-output>
        </test-method> <!-- test1 -->
        <test-method is-config="true" signature="afterMethod()[pri:0, instance:com.test.Week2TestNG.FirstTest@16d04d3d]" started-at="2026-04-06T14:17:09 IST" name="afterMethod" finished-at="2026-04-06T14:17:09 IST" duration-ms="0" status="PASS">
          <reporter-output>
          </reporter-output>
        </test-method> <!-- afterMethod -->
        <test-method is-config="true" signature="beforeMethod()[pri:0, instance:com.test.Week2TestNG.FirstTest@16d04d3d]" started-at="2026-04-06T14:17:09 IST" name="beforeMethod" finished-at="2026-04-06T14:17:09 IST" duration-ms="1" status="PASS">
          <reporter-output>
          </reporter-output>
        </test-method> <!-- beforeMethod -->
        <test-method signature="test2()[pri:0, instance:com.test.Week2TestNG.FirstTest@16d04d3d]" started-at="2026-04-06T14:17:09 IST" name="test2" finished-at="2026-04-06T14:17:09 IST" duration-ms="2" status="PASS">
          <reporter-output>
          </reporter-output>
        </test-method> <!-- test2 -->
        <test-method is-config="true" signature="afterMethod()[pri:0, instance:com.test.Week2TestNG.FirstTest@16d04d3d]" started-at="2026-04-06T14:17:09 IST" name="afterMethod" finished-at="2026-04-06T14:17:09 IST" duration-ms="1" status="PASS">
          <reporter-output>
          </reporter-output>
        </test-method> <!-- afterMethod -->
        <test-method is-config="true" signature="afterClass()[pri:0, instance:com.test.Week2TestNG.FirstTest@16d04d3d]" started-at="2026-04-06T14:17:09 IST" name="afterClass" finished-at="2026-04-06T14:17:09 IST" duration-ms="0" status="PASS">
          <reporter-output>
          </reporter-output>
        </test-method> <!-- afterClass -->
      </class> <!-- com.test.Week2TestNG.FirstTest -->
    </test> <!-- TestCases -->
  </suite> <!-- Suite -->
</testng-results>
