<?xml version="1.0" encoding="UTF-8"?>
<testng-results ignored="0" total="3" passed="3" failed="0" skipped="0">
  <reporter-output>
  </reporter-output>
  <suite started-at="2026-04-06T16:02:52 IST" name="Suite" finished-at="2026-04-06T16:02:52 IST" duration-ms="71">
    <groups>
    </groups>
    <test started-at="2026-04-06T16:02:52 IST" name="DataProviderTest" finished-at="2026-04-06T16:02:52 IST" duration-ms="71">
      <class name="com.test.Week2TestNG.DataProviderDemo">
        <test-method signature="loginTest(java.lang.String,java.lang.String)[pri:0, instance:com.test.Week2TestNG.DataProviderDemo@7c729a55]" started-at="2026-04-06T16:02:52 IST" name="loginTest" data-provider="loginData" finished-at="2026-04-06T16:02:52 IST" duration-ms="11" status="PASS">
          <params>
            <param index="0">
              <value>
                <![CDATA[user1]]>
              </value>
            </param>
            <param index="1">
              <value>
                <![CDATA[pass1]]>
              </value>
            </param>
          </params>
          <reporter-output>
          </reporter-output>
        </test-method> <!-- loginTest -->
        <test-method signature="loginTest(java.lang.String,java.lang.String)[pri:0, instance:com.test.Week2TestNG.DataProviderDemo@7c729a55]" started-at="2026-04-06T16:02:52 IST" name="loginTest" data-provider="loginData" finished-at="2026-04-06T16:02:52 IST" duration-ms="2" status="PASS">
          <params>
            <param index="0">
              <value>
                <![CDATA[user2]]>
              </value>
            </param>
            <param index="1">
              <value>
                <![CDATA[pass2]]>
              </value>
            </param>
          </params>
          <reporter-output>
          </reporter-output>
        </test-method> <!-- loginTest -->
        <test-method signature="loginTest(java.lang.String,java.lang.String)[pri:0, instance:com.test.Week2TestNG.DataProviderDemo@7c729a55]" started-at="2026-04-06T16:02:52 IST" name="loginTest" data-provider="loginData" finished-at="2026-04-06T16:02:52 IST" duration-ms="2" status="PASS">
          <params>
            <param index="0">
              <value>
                <![CDATA[user3]]>
              </value>
            </param>
            <param index="1">
              <value>
                <![CDATA[pass3]]>
              </value>
            </param>
          </params>
          <reporter-output>
          </reporter-output>
        </test-method> <!-- loginTest -->
      </class> <!-- com.test.Week2TestNG.DataProviderDemo -->
    </test> <!-- DataProviderTest -->
  </suite> <!-- Suite -->
</testng-results>
