<?xml version="1.0" encoding="UTF-8"?>
<!-- Generated by org.testng.reporters.JUnitReportReporter -->
<testsuite hostname="ASUS" failures="0" tests="3" name="com.test.Week2TestNG.GroupsDemo" time="0.021" errors="0" timestamp="2026-04-06T15:47:54 IST" skipped="0">
  <testcase classname="com.test.Week2TestNG.GroupsDemo" name="loginTest" time="0.012"/>
  <testcase classname="com.test.Week2TestNG.GroupsDemo" name="logoutTest" time="0.005"/>
  <testcase classname="com.test.Week2TestNG.GroupsDemo" name="paymentTest" time="0.004"/>
</testsuite> <!-- com.test.Week2TestNG.GroupsDemo -->
