<?xml version="1.0" encoding="UTF-8"?>
<!-- Generated by org.testng.reporters.JUnitReportReporter -->
<testsuite hostname="ASUS" failures="0" tests="3" name="com.test.Week2TestNG.GroupsDemo" time="0.036" errors="0" timestamp="2026-04-06T16:04:45 IST" skipped="0">
  <testcase classname="com.test.Week2TestNG.GroupsDemo" name="logoutTest" time="0.002"/>
  <testcase classname="com.test.Week2TestNG.GroupsDemo" name="paymentTest" time="0.003"/>
  <testcase classname="com.test.Week2TestNG.GroupsDemo" name="loginTest" time="0.031"/>
</testsuite> <!-- com.test.Week2TestNG.GroupsDemo -->
